#
# There is insufficient memory for the Java Runtime Environment to continue.
# Native memory allocation (mmap) failed to map 100663296 bytes. Error detail: G1 virtual space
# Possible reasons:
#   The system is out of physical RAM or swap space
#   This process is running with CompressedOops enabled, and the Java Heap may be blocking the growth of the native heap
# Possible solutions:
#   Reduce memory load on the system
#   Increase physical memory or swap space
#   Check if swap backing store is full
#   Decrease Java heap size (-Xmx/-Xms)
#   Decrease number of Java threads
#   Decrease Java thread stack sizes (-Xss)
#   Set larger code cache with -XX:ReservedCodeCacheSize=
#   JVM is running with Unscaled Compressed Oops mode in which the Java heap is
#     placed in the first 4GB address space. The Java Heap base address is the
#     maximum limit for the native heap growth. Please use -XX:HeapBaseMinAddress
#     to set the Java Heap base and to place the Java Heap above 4GB virtual address.
# This output file may be truncated or incomplete.
#
#  Out of Memory Error (os_windows.cpp:3926), pid=19596, tid=22056
#
# JRE version:  (21.0.10+1) (build )
# Java VM: OpenJDK 64-Bit Server VM (21.0.10+1-b1163.110, mixed mode, sharing, tiered, compressed oops, compressed class ptrs, g1 gc, windows-amd64)
# No core dump will be written. Minidumps are not enabled by default on client versions of Windows
#

---------------  S U M M A R Y ------------

Command Line: git4idea.http.GitAskPassApp Username for 'https://github.com': 

Host: AMD Ryzen 5 3450U with Radeon Vega Mobile Gfx  , 8 cores, 5G,  Windows 11 , 64 bit Build 26100 (10.0.26100.8328)
Time: Fri May 15 12:44:15 2026 Hora est. Sudamérica Pacífico elapsed time: 0.045009 seconds (0d 0h 0m 0s)

---------------  T H R E A D  ---------------

Current thread (0x0000025a39129c70):  JavaThread "Unknown thread" [_thread_in_vm, id=22056, stack(0x0000006cd9c00000,0x0000006cd9d00000) (1024K)]

Stack: [0x0000006cd9c00000,0x0000006cd9d00000]
Native frames: (J=compiled Java code, j=interpreted, Vv=VM code, C=native code)
V  [jvm.dll+0x6ed099]
V  [jvm.dll+0x8cb76b]
V  [jvm.dll+0x8cdf0a]
V  [jvm.dll+0x8ce5e3]
V  [jvm.dll+0x28e1c6]
V  [jvm.dll+0x6e9955]
V  [jvm.dll+0x6dd4ea]
V  [jvm.dll+0x369b4e]
V  [jvm.dll+0x371a1b]
V  [jvm.dll+0x3c3619]
V  [jvm.dll+0x3c38bb]
V  [jvm.dll+0x33ce67]
V  [jvm.dll+0x33d9ab]
V  [jvm.dll+0x894e7e]
V  [jvm.dll+0x3d0588]
V  [jvm.dll+0x87db91]
V  [jvm.dll+0x464721]
V  [jvm.dll+0x4663c1]
C  [jli.dll+0x52ec]
C  [ucrtbase.dll+0x37b0]
C  [KERNEL32.DLL+0x2e957]
C  [ntdll.dll+0x427c]


---------------  P R O C E S S  ---------------

Threads class SMR info:
_java_thread_list=0x00007ffd6dbf4308, length=0, elements={
}

Java Threads: ( => current thread )
Total: 0

Other Threads:
  0x0000025a39171750 WorkerThread "GC Thread#0"                     [id=18564, stack(0x0000006cd9d00000,0x0000006cd9e00000) (1024K)]
  0x0000025a3917f530 ConcurrentGCThread "G1 Main Marker"            [id=19228, stack(0x0000006cd9e00000,0x0000006cd9f00000) (1024K)]
  0x0000025a391823b0 WorkerThread "G1 Conc#0"                       [id=21992, stack(0x0000006cd9f00000,0x0000006cda000000) (1024K)]

[error occurred during error reporting (printing all threads), id 0xc0000005, EXCEPTION_ACCESS_VIOLATION (0xc0000005) at pc=0x00007ffd6d2df967]
VM state: not at safepoint (not fully initialized)

VM Mutex/Monitor currently owned by a thread:  ([mutex/lock_event])
[0x00007ffd6dc68eb0] Heap_lock - owner thread: 0x0000025a39129c70

Heap address: 0x00000000a1c00000, size: 1508 MB, Compressed Oops mode: 32-bit

CDS archive(s) mapped at: [0x0000000000000000-0x0000000000000000-0x0000000000000000), size 0, SharedBaseAddress: 0x0000000800000000, ArchiveRelocationMode: 1.
Narrow klass base: 0x0000000000000000, Narrow klass shift: 0, Narrow klass range: 0x0

GC Precious Log:
 CardTable entry size: 512
 Card Set container configuration: InlinePtr #cards 5 size 8 Array Of Cards #cards 12 size 40 Howl #buckets 4 coarsen threshold 1843 Howl Bitmap #cards 512 size 80 coarsen threshold 460 Card regions per heap region 1 cards per card region 2048

Heap:
 garbage-first heap   total 0K, used 0K [0x00000000a1c00000, 0x0000000100000000)
  region size 1024K, 0 young (0K), 0 survivors (0K)
 Metaspace       used 0K, committed 0K, reserved 0K
  class space    used 0K, committed 0K, reserved 0K

Heap Regions: E=young(eden), S=young(survivor), O=old, HS=humongous(starts), HC=humongous(continues), CS=collection set, F=free, TAMS=top-at-mark-start, PB=parsable bottom

Card table byte_map: [0x0000025a4c7d0000,0x0000025a4cad0000] _byte_map_base: 0x0000025a4c2c2000

Marking Bits: (CMBitMap*) 0x0000025a39172e70
 Bits: [0x0000025a4cad0000, 0x0000025a4e260000)

GC Heap History (0 events):
No events

Dll operation events (1 events):
Event: 0.027 Loaded shared library C:\Program Files\JetBrains\IntelliJ IDEA 2025.3.4\jbr\bin\java.dll

Deoptimization events (0 events):
No events

Classes loaded (0 events):
No events

Classes unloaded (0 events):
No events

Classes redefined (0 events):
No events

Internal exceptions (0 events):
No events

ZGC Phase Switch (0 events):
No events

VM Operations (0 events):
No events

Memory protections (0 events):
No events

Nmethod flushes (0 events):
No events

Events (0 events):
No events


Dynamic libraries:
0x00007ff6144b0000 - 0x00007ff6144ba000 	C:\Program Files\JetBrains\IntelliJ IDEA 2025.3.4\jbr\bin\java.exe
0x00007ffe667c0000 - 0x00007ffe66a27000 	C:\WINDOWS\SYSTEM32\ntdll.dll
0x00007ffe64b60000 - 0x00007ffe64c29000 	C:\WINDOWS\System32\KERNEL32.DLL
0x00007ffe63320000 - 0x00007ffe63717000 	C:\WINDOWS\System32\KERNELBASE.dll
0x00007ffe63a20000 - 0x00007ffe63b6b000 	C:\WINDOWS\System32\ucrtbase.dll
0x00007ffe42e10000 - 0x00007ffe42e28000 	C:\Program Files\JetBrains\IntelliJ IDEA 2025.3.4\jbr\bin\jli.dll
0x00007ffe2d620000 - 0x00007ffe2d63e000 	C:\Program Files\JetBrains\IntelliJ IDEA 2025.3.4\jbr\bin\VCRUNTIME140.dll
0x00007ffe66040000 - 0x00007ffe66206000 	C:\WINDOWS\System32\USER32.dll
0x00007ffe637e0000 - 0x00007ffe63807000 	C:\WINDOWS\System32\win32u.dll
0x00007ffe66000000 - 0x00007ffe6602b000 	C:\WINDOWS\System32\GDI32.dll
0x00007ffe538d0000 - 0x00007ffe53b62000 	C:\WINDOWS\WinSxS\amd64_microsoft.windows.common-controls_6595b64144ccf1df_6.0.26100.8457_none_3e0b2faee331e92d\COMCTL32.dll
0x00007ffe631f0000 - 0x00007ffe6331c000 	C:\WINDOWS\System32\gdi32full.dll
0x00007ffe647d0000 - 0x00007ffe64879000 	C:\WINDOWS\System32\msvcrt.dll
0x00007ffe63c20000 - 0x00007ffe63cc3000 	C:\WINDOWS\System32\msvcp_win.dll
0x00007ffe649b0000 - 0x00007ffe649e2000 	C:\WINDOWS\System32\IMM32.DLL
0x00007ffe42e00000 - 0x00007ffe42e0c000 	C:\Program Files\JetBrains\IntelliJ IDEA 2025.3.4\jbr\bin\vcruntime140_1.dll
0x00007ffe3b770000 - 0x00007ffe3b7f9000 	C:\Program Files\JetBrains\IntelliJ IDEA 2025.3.4\jbr\bin\msvcp140.dll
0x00007ffd6cf90000 - 0x00007ffd6dd5c000 	C:\Program Files\JetBrains\IntelliJ IDEA 2025.3.4\jbr\bin\server\jvm.dll
0x00007ffe650c0000 - 0x00007ffe65176000 	C:\WINDOWS\System32\ADVAPI32.dll
0x00007ffe64540000 - 0x00007ffe645e7000 	C:\WINDOWS\System32\sechost.dll
0x00007ffe66450000 - 0x00007ffe66568000 	C:\WINDOWS\System32\RPCRT4.dll
0x00007ffe66670000 - 0x00007ffe666f0000 	C:\WINDOWS\System32\WS2_32.dll
0x00007ffe59be0000 - 0x00007ffe59c16000 	C:\WINDOWS\SYSTEM32\WINMM.dll
0x00007ffe63050000 - 0x00007ffe630ae000 	C:\WINDOWS\SYSTEM32\POWRPROF.dll
0x00007ffe5ab50000 - 0x00007ffe5ab5b000 	C:\WINDOWS\SYSTEM32\VERSION.dll
0x00007ffe63030000 - 0x00007ffe63044000 	C:\WINDOWS\SYSTEM32\UMPDC.dll
0x00007ffe61f80000 - 0x00007ffe61f9b000 	C:\WINDOWS\SYSTEM32\kernel.appcore.dll
0x00007ffe3fba0000 - 0x00007ffe3fbaa000 	C:\Program Files\JetBrains\IntelliJ IDEA 2025.3.4\jbr\bin\jimage.dll
0x00007ffe53b80000 - 0x00007ffe53dc2000 	C:\WINDOWS\SYSTEM32\DBGHELP.DLL
0x00007ffe65180000 - 0x00007ffe65503000 	C:\WINDOWS\System32\combase.dll
0x00007ffe649f0000 - 0x00007ffe64ac9000 	C:\WINDOWS\System32\OLEAUT32.dll
0x00007ffe4ad60000 - 0x00007ffe4ad9b000 	C:\WINDOWS\SYSTEM32\dbgcore.DLL
0x00007ffe63b70000 - 0x00007ffe63c18000 	C:\WINDOWS\System32\bcryptPrimitives.dll
0x00007ffe2a2f0000 - 0x00007ffe2a311000 	C:\Program Files\JetBrains\IntelliJ IDEA 2025.3.4\jbr\bin\java.dll

JVMTI agents: none

dbghelp: loaded successfully - version: 4.0.5 - missing functions: none
symbol engine: initialized successfully - sym options: 0x614 - pdb path: .;C:\Program Files\JetBrains\IntelliJ IDEA 2025.3.4\jbr\bin;C:\WINDOWS\SYSTEM32;C:\WINDOWS\WinSxS\amd64_microsoft.windows.common-controls_6595b64144ccf1df_6.0.26100.8457_none_3e0b2faee331e92d;C:\Program Files\JetBrains\IntelliJ IDEA 2025.3.4\jbr\bin\server

VM Arguments:
java_command: git4idea.http.GitAskPassApp Username for 'https://github.com': 
java_class_path (initial): C:/Program Files/JetBrains/IntelliJ IDEA 2025.3.4/plugins/vcs-git/lib/git4idea-rt.jar;C:/Program Files/JetBrains/IntelliJ IDEA 2025.3.4/lib/externalProcess-rt.jar
Launcher Type: SUN_STANDARD

[Global flags]
     intx CICompilerCount                          = 4                                         {product} {ergonomic}
     uint ConcGCThreads                            = 2                                         {product} {ergonomic}
     uint G1ConcRefinementThreads                  = 8                                         {product} {ergonomic}
   size_t G1HeapRegionSize                         = 1048576                                   {product} {ergonomic}
    uintx GCDrainStackTargetSize                   = 64                                        {product} {ergonomic}
   size_t InitialHeapSize                          = 100663296                                 {product} {ergonomic}
   size_t MarkStackSize                            = 4194304                                   {product} {ergonomic}
   size_t MaxHeapSize                              = 1581252608                                {product} {ergonomic}
   size_t MinHeapDeltaBytes                        = 1048576                                   {product} {ergonomic}
   size_t MinHeapSize                              = 8388608                                   {product} {ergonomic}
    uintx NonNMethodCodeHeapSize                   = 5839372                                {pd product} {ergonomic}
    uintx NonProfiledCodeHeapSize                  = 122909434                              {pd product} {ergonomic}
    uintx ProfiledCodeHeapSize                     = 122909434                              {pd product} {ergonomic}
    uintx ReservedCodeCacheSize                    = 251658240                              {pd product} {ergonomic}
     bool SegmentedCodeCache                       = true                                      {product} {ergonomic}
   size_t SoftMaxHeapSize                          = 1581252608                             {manageable} {ergonomic}
     bool UseCompressedOops                        = true                           {product lp64_product} {ergonomic}
     bool UseG1GC                                  = true                                      {product} {ergonomic}
     bool UseLargePagesIndividualAllocation        = false                                  {pd product} {ergonomic}

Logging:
Log output configuration:
 #0: stdout all=warning uptime,level,tags foldmultilines=false
 #1: stderr all=off uptime,level,tags foldmultilines=false

Release file:
<release file has not been read>
Environment Variables:
PATH=C:\Program Files\Git\mingw64\libexec\git-core;C:\Program Files\Git\mingw64\libexec\git-core;C:\Program Files\Git\mingw64\bin;C:\Program Files\Git\usr\bin;C:\Users\Servicios Digitales\bin;C:\Program Files (x86)\Common Files\Oracle\Java\java8path;C:\Program Files (x86)\Common Files\Oracle\Java\javapath;C:\WINDOWS\system32;C:\WINDOWS;C:\WINDOWS\System32\Wbem;C:\WINDOWS\System32\WindowsPowerShell\v1.0;C:\WINDOWS\System32\OpenSSH;C:\Program Files\Git\cmd;C:\Users\Servicios Digitales\AppData\Local\Programs\Python\Launcher;C:\Users\Servicios Digitales\AppData\Local\Microsoft\WindowsApps;C:\Program Files\JetBrains\IntelliJ IDEA 2025.3.4\bin;C:\Program Files\JetBrains\PyCharm 2025.3.3\bin;C:\Users\Servicios Digitales\AppData\Local\Programs\Microsoft VS Code\bin;C:\Users\Servicios Digitales\AppData\Local\spicetify;C:\Users\Servicios Digitales\AppData\Local\Programs\Warp\bin
USERNAME=Servicios Digitales
DISPLAY=:0.0
LC_ALL=en_US.UTF-8
TERM=xterm-256color
TMPDIR=C:\Users\SERVIC~1\AppData\Local\Temp
OS=Windows_NT
PROCESSOR_IDENTIFIER=AMD64 Family 23 Model 24 Stepping 1, AuthenticAMD
TMP=C:\Users\SERVIC~1\AppData\Local\Temp
TEMP=C:\Users\SERVIC~1\AppData\Local\Temp




Periodic native trim disabled

JNI global refs:
JNI global refs: 0, weak refs: 0

JNI global refs memory usage: 0, weak refs: 0

Process memory usage:
Resident Set Size: 12704K (0% of 6174988K total physical memory with 856812K free physical memory)

OOME stack traces (most recent first):
Classloader memory used:

---------------  S Y S T E M  ---------------

OS:
 Windows 11 , 64 bit Build 26100 (10.0.26100.8328)
OS uptime: 0 days 18:00 hours

CPU: total 8 (initial active 8) (8 cores per cpu, 2 threads per core) family 23 model 24 stepping 1 microcode 0x8108109, cx8, cmov, fxsr, ht, mmx, 3dnowpref, sse, sse2, sse3, ssse3, sse4a, sse4.1, sse4.2, popcnt, lzcnt, tsc, tscinvbit, avx, avx2, aes, clmul, bmi1, bmi2, adx, sha, fma, vzeroupper, clflush, clflushopt, rdtscp, f16c
Processor Information for the first 8 processors :
  Max Mhz: 2100, Current Mhz: 1400, Mhz Limit: 2100

Memory: 4k page, system-wide physical 6030M (836M free)
TotalPageFile size 15094M (AvailPageFile size 34M)
current process WorkingSet (physical memory assigned to process): 12M, peak: 12M
current process commit charge ("private bytes"): 60M, peak: 156M

vm_info: OpenJDK 64-Bit Server VM (21.0.10+1-b1163.110) for windows-amd64 JRE (21.0.10+1-b1163.110), built on 2026-03-06 by "builduser" with MS VC++ 17.14 (VS2022)

END.
