2026-05-18T13:44:08.831-04:00  INFO 24980 --- [libros] [main] dev.diemigo.libros.LibrosApplication     : Starting LibrosApplication using Java 24.0.2 with PID 24980 (C:\Users\diego\OneDrive\Desktop\gestionbibliotecas\libros\target\classes started by diego in C:\Users\diego\OneDrive\Desktop\gestionbibliotecas\libros)
2026-05-18T13:44:08.835-04:00 DEBUG 24980 --- [libros] [main] dev.diemigo.libros.LibrosApplication     : Running with Spring Boot v4.0.6, Spring v7.0.7
2026-05-18T13:44:08.836-04:00  INFO 24980 --- [libros] [main] dev.diemigo.libros.LibrosApplication     : No active profile set, falling back to 1 default profile: "default"
2026-05-18T13:44:11.617-04:00  WARN 24980 --- [libros] [main] o.f.c.internal.database.base.Database    : Using MySQL 8.4 which is newer than the version Flyway has been verified with. The latest verified version of MySQL is 8.1.
2026-05-18T13:44:11.653-04:00  WARN 24980 --- [libros] [main] o.f.core.internal.command.DbValidate     : No migrations found. Are your locations set up correctly?
2026-05-18T13:44:12.517-04:00  WARN 24980 --- [libros] [main] org.hibernate.orm.deprecation            : HHH90000025: MySQLDialect does not need to be specified explicitly using 'hibernate.dialect' (remove the property setting and it will be selected by default)
2026-05-18T13:44:13.593-04:00  WARN 24980 --- [libros] [main] JpaBaseConfiguration$JpaWebConfiguration : spring.jpa.open-in-view is enabled by default. Therefore, database queries may be performed during view rendering. Explicitly configure spring.jpa.open-in-view to disable this warning
2026-05-18T13:44:13.742-04:00 DEBUG 24980 --- [libros] [main] s.w.s.m.m.a.RequestMappingHandlerMapping : 2 mappings in 'requestMappingHandlerMapping'
2026-05-18T13:44:13.771-04:00 DEBUG 24980 --- [libros] [main] o.s.w.s.handler.SimpleUrlHandlerMapping  : Patterns [/webjars/**, /**] in 'resourceHandlerMapping'
2026-05-18T13:44:13.801-04:00 DEBUG 24980 --- [libros] [main] s.w.s.m.m.a.RequestMappingHandlerAdapter : ControllerAdvice beans: 0 @ModelAttribute, 0 @InitBinder, 2 RequestBodyAdvice, 1 ResponseBodyAdvice
2026-05-18T13:44:13.849-04:00 DEBUG 24980 --- [libros] [main] .m.m.a.ExceptionHandlerExceptionResolver : ControllerAdvice beans: 1 @ExceptionHandler, 1 ResponseBodyAdvice
2026-05-18T13:44:13.936-04:00  WARN 24980 --- [libros] [main] .s.a.UserDetailsServiceAutoConfiguration : 

Using generated security password: 1337bc45-00ef-4ada-ba77-b2b9fe14509b

This generated password is for development use only. Your security configuration must be updated before running your application in production.

2026-05-18T13:44:14.185-04:00  INFO 24980 --- [libros] [main] dev.diemigo.libros.LibrosApplication     : Started LibrosApplication in 5.867 seconds (process running for 6.649)
2026-05-18T13:47:46.498-04:00  INFO 29348 --- [libros] [main] dev.diemigo.libros.LibrosApplication     : Starting LibrosApplication using Java 24.0.2 with PID 29348 (C:\Users\diego\OneDrive\Desktop\gestionbibliotecas\libros\target\classes started by diego in C:\Users\diego\OneDrive\Desktop\gestionbibliotecas\libros)
2026-05-18T13:47:46.501-04:00 DEBUG 29348 --- [libros] [main] dev.diemigo.libros.LibrosApplication     : Running with Spring Boot v4.0.6, Spring v7.0.7
2026-05-18T13:47:46.502-04:00  INFO 29348 --- [libros] [main] dev.diemigo.libros.LibrosApplication     : No active profile set, falling back to 1 default profile: "default"
2026-05-18T13:47:48.736-04:00  WARN 29348 --- [libros] [main] o.f.c.internal.database.base.Database    : Using MySQL 8.4 which is newer than the version Flyway has been verified with. The latest verified version of MySQL is 8.1.
2026-05-18T13:47:48.775-04:00  WARN 29348 --- [libros] [main] o.f.core.internal.command.DbValidate     : No migrations found. Are your locations set up correctly?
2026-05-18T13:47:49.566-04:00  WARN 29348 --- [libros] [main] org.hibernate.orm.deprecation            : HHH90000025: MySQLDialect does not need to be specified explicitly using 'hibernate.dialect' (remove the property setting and it will be selected by default)
2026-05-18T13:47:50.648-04:00  WARN 29348 --- [libros] [main] JpaBaseConfiguration$JpaWebConfiguration : spring.jpa.open-in-view is enabled by default. Therefore, database queries may be performed during view rendering. Explicitly configure spring.jpa.open-in-view to disable this warning
2026-05-18T13:47:50.789-04:00 DEBUG 29348 --- [libros] [main] s.w.s.m.m.a.RequestMappingHandlerMapping : 2 mappings in 'requestMappingHandlerMapping'
2026-05-18T13:47:50.820-04:00 DEBUG 29348 --- [libros] [main] o.s.w.s.handler.SimpleUrlHandlerMapping  : Patterns [/webjars/**, /**] in 'resourceHandlerMapping'
2026-05-18T13:47:50.850-04:00 DEBUG 29348 --- [libros] [main] s.w.s.m.m.a.RequestMappingHandlerAdapter : ControllerAdvice beans: 0 @ModelAttribute, 0 @InitBinder, 2 RequestBodyAdvice, 1 ResponseBodyAdvice
2026-05-18T13:47:50.904-04:00 DEBUG 29348 --- [libros] [main] .m.m.a.ExceptionHandlerExceptionResolver : ControllerAdvice beans: 1 @ExceptionHandler, 1 ResponseBodyAdvice
2026-05-18T13:47:50.989-04:00  WARN 29348 --- [libros] [main] .s.a.UserDetailsServiceAutoConfiguration : 

Using generated security password: 64cd6f45-2800-4ab0-a85d-40b14f3ab8b2

This generated password is for development use only. Your security configuration must be updated before running your application in production.

2026-05-18T13:47:51.241-04:00  INFO 29348 --- [libros] [main] dev.diemigo.libros.LibrosApplication     : Started LibrosApplication in 5.251 seconds (process running for 6.038)
2026-05-18T13:49:45.055-04:00  INFO 2924 --- [libros] [main] dev.diemigo.libros.LibrosApplication     : Starting LibrosApplication using Java 24.0.2 with PID 2924 (C:\Users\diego\OneDrive\Desktop\gestionbibliotecas\libros\target\classes started by diego in C:\Users\diego\OneDrive\Desktop\gestionbibliotecas\libros)
2026-05-18T13:49:45.058-04:00 DEBUG 2924 --- [libros] [main] dev.diemigo.libros.LibrosApplication     : Running with Spring Boot v4.0.6, Spring v7.0.7
2026-05-18T13:49:45.059-04:00  INFO 2924 --- [libros] [main] dev.diemigo.libros.LibrosApplication     : No active profile set, falling back to 1 default profile: "default"
2026-05-18T13:49:47.438-04:00  WARN 2924 --- [libros] [main] o.f.c.internal.database.base.Database    : Using MySQL 8.4 which is newer than the version Flyway has been verified with. The latest verified version of MySQL is 8.1.
2026-05-18T13:49:47.485-04:00  WARN 2924 --- [libros] [main] o.f.core.internal.command.DbValidate     : No migrations found. Are your locations set up correctly?
2026-05-18T13:49:48.314-04:00  WARN 2924 --- [libros] [main] org.hibernate.orm.deprecation            : HHH90000025: MySQLDialect does not need to be specified explicitly using 'hibernate.dialect' (remove the property setting and it will be selected by default)
2026-05-18T13:49:49.408-04:00  WARN 2924 --- [libros] [main] JpaBaseConfiguration$JpaWebConfiguration : spring.jpa.open-in-view is enabled by default. Therefore, database queries may be performed during view rendering. Explicitly configure spring.jpa.open-in-view to disable this warning
2026-05-18T13:49:49.547-04:00 DEBUG 2924 --- [libros] [main] s.w.s.m.m.a.RequestMappingHandlerMapping : 2 mappings in 'requestMappingHandlerMapping'
2026-05-18T13:49:49.577-04:00 DEBUG 2924 --- [libros] [main] o.s.w.s.handler.SimpleUrlHandlerMapping  : Patterns [/webjars/**, /**] in 'resourceHandlerMapping'
2026-05-18T13:49:49.614-04:00 DEBUG 2924 --- [libros] [main] s.w.s.m.m.a.RequestMappingHandlerAdapter : ControllerAdvice beans: 0 @ModelAttribute, 0 @InitBinder, 2 RequestBodyAdvice, 1 ResponseBodyAdvice
2026-05-18T13:49:49.672-04:00 DEBUG 2924 --- [libros] [main] .m.m.a.ExceptionHandlerExceptionResolver : ControllerAdvice beans: 1 @ExceptionHandler, 1 ResponseBodyAdvice
2026-05-18T13:49:49.755-04:00  WARN 2924 --- [libros] [main] .s.a.UserDetailsServiceAutoConfiguration : 

Using generated security password: 34f37a30-771d-4e83-9499-5ce4ad7a5a99

This generated password is for development use only. Your security configuration must be updated before running your application in production.

2026-05-18T13:49:50.016-04:00  INFO 2924 --- [libros] [main] dev.diemigo.libros.LibrosApplication     : Started LibrosApplication in 5.48 seconds (process running for 6.319)
2026-05-18T13:50:19.784-04:00  INFO 11920 --- [libros] [main] dev.diemigo.libros.LibrosApplication     : Starting LibrosApplication using Java 24.0.2 with PID 11920 (C:\Users\diego\OneDrive\Desktop\gestionbibliotecas\libros\target\classes started by diego in C:\Users\diego\OneDrive\Desktop\gestionbibliotecas\libros)
2026-05-18T13:50:19.787-04:00 DEBUG 11920 --- [libros] [main] dev.diemigo.libros.LibrosApplication     : Running with Spring Boot v4.0.6, Spring v7.0.7
2026-05-18T13:50:19.788-04:00  INFO 11920 --- [libros] [main] dev.diemigo.libros.LibrosApplication     : No active profile set, falling back to 1 default profile: "default"
2026-05-18T13:50:22.044-04:00  WARN 11920 --- [libros] [main] o.f.c.internal.database.base.Database    : Using MySQL 8.4 which is newer than the version Flyway has been verified with. The latest verified version of MySQL is 8.1.
2026-05-18T13:50:22.085-04:00  WARN 11920 --- [libros] [main] o.f.core.internal.command.DbValidate     : No migrations found. Are your locations set up correctly?
2026-05-18T13:50:22.878-04:00  WARN 11920 --- [libros] [main] org.hibernate.orm.deprecation            : HHH90000025: MySQLDialect does not need to be specified explicitly using 'hibernate.dialect' (remove the property setting and it will be selected by default)
2026-05-18T13:50:24.027-04:00  WARN 11920 --- [libros] [main] JpaBaseConfiguration$JpaWebConfiguration : spring.jpa.open-in-view is enabled by default. Therefore, database queries may be performed during view rendering. Explicitly configure spring.jpa.open-in-view to disable this warning
2026-05-18T13:50:24.168-04:00 DEBUG 11920 --- [libros] [main] s.w.s.m.m.a.RequestMappingHandlerMapping : 2 mappings in 'requestMappingHandlerMapping'
2026-05-18T13:50:24.197-04:00 DEBUG 11920 --- [libros] [main] o.s.w.s.handler.SimpleUrlHandlerMapping  : Patterns [/webjars/**, /**] in 'resourceHandlerMapping'
2026-05-18T13:50:24.225-04:00 DEBUG 11920 --- [libros] [main] s.w.s.m.m.a.RequestMappingHandlerAdapter : ControllerAdvice beans: 0 @ModelAttribute, 0 @InitBinder, 2 RequestBodyAdvice, 1 ResponseBodyAdvice
2026-05-18T13:50:24.278-04:00 DEBUG 11920 --- [libros] [main] .m.m.a.ExceptionHandlerExceptionResolver : ControllerAdvice beans: 1 @ExceptionHandler, 1 ResponseBodyAdvice
2026-05-18T13:50:24.362-04:00  WARN 11920 --- [libros] [main] .s.a.UserDetailsServiceAutoConfiguration : 

Using generated security password: 73a45edf-26db-4cbc-b7b0-20329a9461fe

This generated password is for development use only. Your security configuration must be updated before running your application in production.

2026-05-18T13:50:24.610-04:00  INFO 11920 --- [libros] [main] dev.diemigo.libros.LibrosApplication     : Started LibrosApplication in 5.336 seconds (process running for 6.124)
2026-05-18T13:51:47.553-04:00  INFO 33348 --- [libros] [main] dev.diemigo.libros.LibrosApplication     : Starting LibrosApplication using Java 24.0.2 with PID 33348 (C:\Users\diego\OneDrive\Desktop\gestionbibliotecas\libros\target\classes started by diego in C:\Users\diego\OneDrive\Desktop\gestionbibliotecas\libros)
2026-05-18T13:51:47.557-04:00 DEBUG 33348 --- [libros] [main] dev.diemigo.libros.LibrosApplication     : Running with Spring Boot v4.0.6, Spring v7.0.7
2026-05-18T13:51:47.557-04:00  INFO 33348 --- [libros] [main] dev.diemigo.libros.LibrosApplication     : No active profile set, falling back to 1 default profile: "default"
2026-05-18T13:51:49.863-04:00  WARN 33348 --- [libros] [main] o.f.c.internal.database.base.Database    : Using MySQL 8.4 which is newer than the version Flyway has been verified with. The latest verified version of MySQL is 8.1.
2026-05-18T13:51:49.904-04:00  WARN 33348 --- [libros] [main] o.f.core.internal.command.DbValidate     : No migrations found. Are your locations set up correctly?
2026-05-18T13:51:50.693-04:00  WARN 33348 --- [libros] [main] org.hibernate.orm.deprecation            : HHH90000025: MySQLDialect does not need to be specified explicitly using 'hibernate.dialect' (remove the property setting and it will be selected by default)
2026-05-18T13:51:51.784-04:00  WARN 33348 --- [libros] [main] JpaBaseConfiguration$JpaWebConfiguration : spring.jpa.open-in-view is enabled by default. Therefore, database queries may be performed during view rendering. Explicitly configure spring.jpa.open-in-view to disable this warning
2026-05-18T13:51:51.920-04:00 DEBUG 33348 --- [libros] [main] s.w.s.m.m.a.RequestMappingHandlerMapping : 2 mappings in 'requestMappingHandlerMapping'
2026-05-18T13:51:51.949-04:00 DEBUG 33348 --- [libros] [main] o.s.w.s.handler.SimpleUrlHandlerMapping  : Patterns [/webjars/**, /**] in 'resourceHandlerMapping'
2026-05-18T13:51:51.978-04:00 DEBUG 33348 --- [libros] [main] s.w.s.m.m.a.RequestMappingHandlerAdapter : ControllerAdvice beans: 0 @ModelAttribute, 0 @InitBinder, 2 RequestBodyAdvice, 1 ResponseBodyAdvice
2026-05-18T13:51:52.030-04:00 DEBUG 33348 --- [libros] [main] .m.m.a.ExceptionHandlerExceptionResolver : ControllerAdvice beans: 1 @ExceptionHandler, 1 ResponseBodyAdvice
2026-05-18T13:51:52.112-04:00  WARN 33348 --- [libros] [main] .s.a.UserDetailsServiceAutoConfiguration : 

Using generated security password: 62645640-3aec-4518-96a2-bc82a1f44883

This generated password is for development use only. Your security configuration must be updated before running your application in production.

2026-05-18T13:51:52.368-04:00  INFO 33348 --- [libros] [main] dev.diemigo.libros.LibrosApplication     : Started LibrosApplication in 5.331 seconds (process running for 6.112)
2026-05-18T13:52:25.821-04:00  INFO 7132 --- [libros] [main] dev.diemigo.libros.LibrosApplication     : Starting LibrosApplication using Java 24.0.2 with PID 7132 (C:\Users\diego\OneDrive\Desktop\gestionbibliotecas\libros\target\classes started by diego in C:\Users\diego\OneDrive\Desktop\gestionbibliotecas\libros)
2026-05-18T13:52:25.824-04:00 DEBUG 7132 --- [libros] [main] dev.diemigo.libros.LibrosApplication     : Running with Spring Boot v4.0.6, Spring v7.0.7
2026-05-18T13:52:25.825-04:00  INFO 7132 --- [libros] [main] dev.diemigo.libros.LibrosApplication     : No active profile set, falling back to 1 default profile: "default"
2026-05-18T13:52:28.076-04:00  WARN 7132 --- [libros] [main] o.f.c.internal.database.base.Database    : Using MySQL 8.4 which is newer than the version Flyway has been verified with. The latest verified version of MySQL is 8.1.
2026-05-18T13:52:28.116-04:00  WARN 7132 --- [libros] [main] o.f.core.internal.command.DbValidate     : No migrations found. Are your locations set up correctly?
2026-05-18T13:52:28.895-04:00  WARN 7132 --- [libros] [main] org.hibernate.orm.deprecation            : HHH90000025: MySQLDialect does not need to be specified explicitly using 'hibernate.dialect' (remove the property setting and it will be selected by default)
2026-05-18T13:52:29.992-04:00  WARN 7132 --- [libros] [main] JpaBaseConfiguration$JpaWebConfiguration : spring.jpa.open-in-view is enabled by default. Therefore, database queries may be performed during view rendering. Explicitly configure spring.jpa.open-in-view to disable this warning
2026-05-18T13:52:30.122-04:00 DEBUG 7132 --- [libros] [main] s.w.s.m.m.a.RequestMappingHandlerMapping : 2 mappings in 'requestMappingHandlerMapping'
2026-05-18T13:52:30.151-04:00 DEBUG 7132 --- [libros] [main] o.s.w.s.handler.SimpleUrlHandlerMapping  : Patterns [/webjars/**, /**] in 'resourceHandlerMapping'
2026-05-18T13:52:30.185-04:00 DEBUG 7132 --- [libros] [main] s.w.s.m.m.a.RequestMappingHandlerAdapter : ControllerAdvice beans: 0 @ModelAttribute, 0 @InitBinder, 2 RequestBodyAdvice, 1 ResponseBodyAdvice
2026-05-18T13:52:30.231-04:00 DEBUG 7132 --- [libros] [main] .m.m.a.ExceptionHandlerExceptionResolver : ControllerAdvice beans: 1 @ExceptionHandler, 1 ResponseBodyAdvice
2026-05-18T13:52:30.316-04:00  WARN 7132 --- [libros] [main] .s.a.UserDetailsServiceAutoConfiguration : 

Using generated security password: 86172ad5-8546-4059-a67c-bdb1b9bf82dd

This generated password is for development use only. Your security configuration must be updated before running your application in production.

2026-05-18T13:52:30.544-04:00  INFO 7132 --- [libros] [main] dev.diemigo.libros.LibrosApplication     : Started LibrosApplication in 5.233 seconds (process running for 6.013)
2026-05-18T13:55:12.021-04:00  INFO 21976 --- [libros] [main] dev.diemigo.libros.LibrosApplication     : Starting LibrosApplication using Java 24.0.2 with PID 21976 (C:\Users\diego\OneDrive\Desktop\gestionbibliotecas\libros\target\classes started by diego in C:\Users\diego\OneDrive\Desktop\gestionbibliotecas\libros)
2026-05-18T13:55:12.024-04:00 DEBUG 21976 --- [libros] [main] dev.diemigo.libros.LibrosApplication     : Running with Spring Boot v4.0.6, Spring v7.0.7
2026-05-18T13:55:12.025-04:00  INFO 21976 --- [libros] [main] dev.diemigo.libros.LibrosApplication     : No active profile set, falling back to 1 default profile: "default"
2026-05-18T13:55:14.328-04:00  WARN 21976 --- [libros] [main] o.f.c.internal.database.base.Database    : Using MySQL 8.4 which is newer than the version Flyway has been verified with. The latest verified version of MySQL is 8.1.
2026-05-18T13:55:14.371-04:00  WARN 21976 --- [libros] [main] o.f.core.internal.command.DbValidate     : No migrations found. Are your locations set up correctly?
2026-05-18T13:55:15.244-04:00  WARN 21976 --- [libros] [main] org.hibernate.orm.deprecation            : HHH90000025: MySQLDialect does not need to be specified explicitly using 'hibernate.dialect' (remove the property setting and it will be selected by default)
2026-05-18T13:55:16.442-04:00  WARN 21976 --- [libros] [main] JpaBaseConfiguration$JpaWebConfiguration : spring.jpa.open-in-view is enabled by default. Therefore, database queries may be performed during view rendering. Explicitly configure spring.jpa.open-in-view to disable this warning
2026-05-18T13:55:16.575-04:00 DEBUG 21976 --- [libros] [main] s.w.s.m.m.a.RequestMappingHandlerMapping : 2 mappings in 'requestMappingHandlerMapping'
2026-05-18T13:55:16.604-04:00 DEBUG 21976 --- [libros] [main] o.s.w.s.handler.SimpleUrlHandlerMapping  : Patterns [/webjars/**, /**] in 'resourceHandlerMapping'
2026-05-18T13:55:16.637-04:00 DEBUG 21976 --- [libros] [main] s.w.s.m.m.a.RequestMappingHandlerAdapter : ControllerAdvice beans: 0 @ModelAttribute, 0 @InitBinder, 2 RequestBodyAdvice, 1 ResponseBodyAdvice
2026-05-18T13:55:16.695-04:00 DEBUG 21976 --- [libros] [main] .m.m.a.ExceptionHandlerExceptionResolver : ControllerAdvice beans: 1 @ExceptionHandler, 1 ResponseBodyAdvice
2026-05-18T13:55:16.777-04:00  WARN 21976 --- [libros] [main] .s.a.UserDetailsServiceAutoConfiguration : 

Using generated security password: baf1cf25-34ef-466d-a6c7-41a7ebaf640f

This generated password is for development use only. Your security configuration must be updated before running your application in production.

2026-05-18T13:55:17.032-04:00  INFO 21976 --- [libros] [main] dev.diemigo.libros.LibrosApplication     : Started LibrosApplication in 5.512 seconds (process running for 6.299)
2026-05-18T13:58:26.024-04:00  INFO 32952 --- [libros] [main] dev.diemigo.libros.LibrosApplication     : Starting LibrosApplication using Java 24.0.2 with PID 32952 (C:\Users\diego\OneDrive\Desktop\gestionbibliotecas\libros\target\classes started by diego in C:\Users\diego\OneDrive\Desktop\gestionbibliotecas\libros)
2026-05-18T13:58:26.027-04:00 DEBUG 32952 --- [libros] [main] dev.diemigo.libros.LibrosApplication     : Running with Spring Boot v4.0.6, Spring v7.0.7
2026-05-18T13:58:26.027-04:00  INFO 32952 --- [libros] [main] dev.diemigo.libros.LibrosApplication     : No active profile set, falling back to 1 default profile: "default"
2026-05-18T13:58:28.354-04:00  WARN 32952 --- [libros] [main] o.f.c.internal.database.base.Database    : Using MySQL 8.4 which is newer than the version Flyway has been verified with. The latest verified version of MySQL is 8.1.
2026-05-18T13:58:28.392-04:00  WARN 32952 --- [libros] [main] o.f.core.internal.command.DbValidate     : No migrations found. Are your locations set up correctly?
2026-05-18T13:58:29.176-04:00  WARN 32952 --- [libros] [main] org.hibernate.orm.deprecation            : HHH90000025: MySQLDialect does not need to be specified explicitly using 'hibernate.dialect' (remove the property setting and it will be selected by default)
2026-05-18T13:58:30.257-04:00  WARN 32952 --- [libros] [main] JpaBaseConfiguration$JpaWebConfiguration : spring.jpa.open-in-view is enabled by default. Therefore, database queries may be performed during view rendering. Explicitly configure spring.jpa.open-in-view to disable this warning
2026-05-18T13:58:30.389-04:00 DEBUG 32952 --- [libros] [main] s.w.s.m.m.a.RequestMappingHandlerMapping : 2 mappings in 'requestMappingHandlerMapping'
2026-05-18T13:58:30.417-04:00 DEBUG 32952 --- [libros] [main] o.s.w.s.handler.SimpleUrlHandlerMapping  : Patterns [/webjars/**, /**] in 'resourceHandlerMapping'
2026-05-18T13:58:30.445-04:00 DEBUG 32952 --- [libros] [main] s.w.s.m.m.a.RequestMappingHandlerAdapter : ControllerAdvice beans: 0 @ModelAttribute, 0 @InitBinder, 2 RequestBodyAdvice, 1 ResponseBodyAdvice
2026-05-18T13:58:30.501-04:00 DEBUG 32952 --- [libros] [main] .m.m.a.ExceptionHandlerExceptionResolver : ControllerAdvice beans: 1 @ExceptionHandler, 1 ResponseBodyAdvice
2026-05-18T13:58:30.581-04:00  WARN 32952 --- [libros] [main] .s.a.UserDetailsServiceAutoConfiguration : 

Using generated security password: fe1edfe6-f8f3-4471-9ae8-9e39692ecfb2

This generated password is for development use only. Your security configuration must be updated before running your application in production.

2026-05-18T13:58:30.818-04:00  INFO 32952 --- [libros] [main] dev.diemigo.libros.LibrosApplication     : Started LibrosApplication in 5.313 seconds (process running for 6.098)
2026-05-18T13:59:02.557-04:00  INFO 5132 --- [libros] [main] dev.diemigo.libros.LibrosApplication     : Starting LibrosApplication using Java 24.0.2 with PID 5132 (C:\Users\diego\OneDrive\Desktop\gestionbibliotecas\libros\target\classes started by diego in C:\Users\diego\OneDrive\Desktop\gestionbibliotecas\libros)
2026-05-18T13:59:02.561-04:00 DEBUG 5132 --- [libros] [main] dev.diemigo.libros.LibrosApplication     : Running with Spring Boot v4.0.6, Spring v7.0.7
2026-05-18T13:59:02.561-04:00  INFO 5132 --- [libros] [main] dev.diemigo.libros.LibrosApplication     : No active profile set, falling back to 1 default profile: "default"
2026-05-18T13:59:04.973-04:00  WARN 5132 --- [libros] [main] o.f.c.internal.database.base.Database    : Using MySQL 8.4 which is newer than the version Flyway has been verified with. The latest verified version of MySQL is 8.1.
2026-05-18T13:59:05.013-04:00  WARN 5132 --- [libros] [main] o.f.core.internal.command.DbValidate     : No migrations found. Are your locations set up correctly?
2026-05-18T13:59:05.873-04:00  WARN 5132 --- [libros] [main] org.hibernate.orm.deprecation            : HHH90000025: MySQLDialect does not need to be specified explicitly using 'hibernate.dialect' (remove the property setting and it will be selected by default)
2026-05-18T13:59:07.067-04:00  WARN 5132 --- [libros] [main] JpaBaseConfiguration$JpaWebConfiguration : spring.jpa.open-in-view is enabled by default. Therefore, database queries may be performed during view rendering. Explicitly configure spring.jpa.open-in-view to disable this warning
2026-05-18T13:59:07.213-04:00 DEBUG 5132 --- [libros] [main] s.w.s.m.m.a.RequestMappingHandlerMapping : 2 mappings in 'requestMappingHandlerMapping'
2026-05-18T13:59:07.243-04:00 DEBUG 5132 --- [libros] [main] o.s.w.s.handler.SimpleUrlHandlerMapping  : Patterns [/webjars/**, /**] in 'resourceHandlerMapping'
2026-05-18T13:59:07.273-04:00 DEBUG 5132 --- [libros] [main] s.w.s.m.m.a.RequestMappingHandlerAdapter : ControllerAdvice beans: 0 @ModelAttribute, 0 @InitBinder, 2 RequestBodyAdvice, 1 ResponseBodyAdvice
2026-05-18T13:59:07.330-04:00 DEBUG 5132 --- [libros] [main] .m.m.a.ExceptionHandlerExceptionResolver : ControllerAdvice beans: 1 @ExceptionHandler, 1 ResponseBodyAdvice
2026-05-18T13:59:07.425-04:00  WARN 5132 --- [libros] [main] .s.a.UserDetailsServiceAutoConfiguration : 

Using generated security password: 660a9fbf-a749-4269-a9d3-6706da4ef1fd

This generated password is for development use only. Your security configuration must be updated before running your application in production.

2026-05-18T13:59:07.685-04:00  INFO 5132 --- [libros] [main] dev.diemigo.libros.LibrosApplication     : Started LibrosApplication in 5.651 seconds (process running for 6.451)
2026-05-18T14:00:20.602-04:00  INFO 24120 --- [libros] [main] dev.diemigo.libros.LibrosApplication     : Starting LibrosApplication using Java 24.0.2 with PID 24120 (C:\Users\diego\OneDrive\Desktop\gestionbibliotecas\libros\target\classes started by diego in C:\Users\diego\OneDrive\Desktop\gestionbibliotecas\libros)
2026-05-18T14:00:20.605-04:00 DEBUG 24120 --- [libros] [main] dev.diemigo.libros.LibrosApplication     : Running with Spring Boot v4.0.6, Spring v7.0.7
2026-05-18T14:00:20.607-04:00  INFO 24120 --- [libros] [main] dev.diemigo.libros.LibrosApplication     : No active profile set, falling back to 1 default profile: "default"
2026-05-18T14:00:22.866-04:00  WARN 24120 --- [libros] [main] o.f.c.internal.database.base.Database    : Using MySQL 8.4 which is newer than the version Flyway has been verified with. The latest verified version of MySQL is 8.1.
2026-05-18T14:00:22.900-04:00  WARN 24120 --- [libros] [main] o.f.core.internal.command.DbValidate     : No migrations found. Are your locations set up correctly?
2026-05-18T14:00:23.766-04:00  WARN 24120 --- [libros] [main] org.hibernate.orm.deprecation            : HHH90000025: MySQLDialect does not need to be specified explicitly using 'hibernate.dialect' (remove the property setting and it will be selected by default)
2026-05-18T14:00:24.890-04:00  WARN 24120 --- [libros] [main] JpaBaseConfiguration$JpaWebConfiguration : spring.jpa.open-in-view is enabled by default. Therefore, database queries may be performed during view rendering. Explicitly configure spring.jpa.open-in-view to disable this warning
2026-05-18T14:00:25.028-04:00 DEBUG 24120 --- [libros] [main] s.w.s.m.m.a.RequestMappingHandlerMapping : 2 mappings in 'requestMappingHandlerMapping'
2026-05-18T14:00:25.060-04:00 DEBUG 24120 --- [libros] [main] o.s.w.s.handler.SimpleUrlHandlerMapping  : Patterns [/webjars/**, /**] in 'resourceHandlerMapping'
2026-05-18T14:00:25.090-04:00 DEBUG 24120 --- [libros] [main] s.w.s.m.m.a.RequestMappingHandlerAdapter : ControllerAdvice beans: 0 @ModelAttribute, 0 @InitBinder, 2 RequestBodyAdvice, 1 ResponseBodyAdvice
2026-05-18T14:00:25.143-04:00 DEBUG 24120 --- [libros] [main] .m.m.a.ExceptionHandlerExceptionResolver : ControllerAdvice beans: 1 @ExceptionHandler, 1 ResponseBodyAdvice
2026-05-18T14:00:25.225-04:00  WARN 24120 --- [libros] [main] .s.a.UserDetailsServiceAutoConfiguration : 

Using generated security password: 5a5e3c92-5d1b-4cc1-8a00-dc06847d9314

This generated password is for development use only. Your security configuration must be updated before running your application in production.

2026-05-18T14:00:25.463-04:00  INFO 24120 --- [libros] [main] dev.diemigo.libros.LibrosApplication     : Started LibrosApplication in 5.354 seconds (process running for 6.133)
2026-05-18T14:01:25.094-04:00  INFO 33616 --- [libros] [main] dev.diemigo.libros.LibrosApplication     : Starting LibrosApplication using Java 24.0.2 with PID 33616 (C:\Users\diego\OneDrive\Desktop\gestionbibliotecas\libros\target\classes started by diego in C:\Users\diego\OneDrive\Desktop\gestionbibliotecas\libros)
2026-05-18T14:01:25.097-04:00 DEBUG 33616 --- [libros] [main] dev.diemigo.libros.LibrosApplication     : Running with Spring Boot v4.0.6, Spring v7.0.7
2026-05-18T14:01:25.097-04:00  INFO 33616 --- [libros] [main] dev.diemigo.libros.LibrosApplication     : No active profile set, falling back to 1 default profile: "default"
2026-05-18T14:01:27.323-04:00  WARN 33616 --- [libros] [main] o.f.c.internal.database.base.Database    : Using MySQL 8.4 which is newer than the version Flyway has been verified with. The latest verified version of MySQL is 8.1.
2026-05-18T14:01:27.361-04:00  WARN 33616 --- [libros] [main] o.f.core.internal.command.DbValidate     : No migrations found. Are your locations set up correctly?
2026-05-18T14:01:28.158-04:00  WARN 33616 --- [libros] [main] org.hibernate.orm.deprecation            : HHH90000025: MySQLDialect does not need to be specified explicitly using 'hibernate.dialect' (remove the property setting and it will be selected by default)
2026-05-18T14:01:29.254-04:00  WARN 33616 --- [libros] [main] JpaBaseConfiguration$JpaWebConfiguration : spring.jpa.open-in-view is enabled by default. Therefore, database queries may be performed during view rendering. Explicitly configure spring.jpa.open-in-view to disable this warning
2026-05-18T14:01:29.380-04:00 DEBUG 33616 --- [libros] [main] s.w.s.m.m.a.RequestMappingHandlerMapping : 2 mappings in 'requestMappingHandlerMapping'
2026-05-18T14:01:29.409-04:00 DEBUG 33616 --- [libros] [main] o.s.w.s.handler.SimpleUrlHandlerMapping  : Patterns [/webjars/**, /**] in 'resourceHandlerMapping'
2026-05-18T14:01:29.438-04:00 DEBUG 33616 --- [libros] [main] s.w.s.m.m.a.RequestMappingHandlerAdapter : ControllerAdvice beans: 0 @ModelAttribute, 0 @InitBinder, 2 RequestBodyAdvice, 1 ResponseBodyAdvice
2026-05-18T14:01:29.489-04:00 DEBUG 33616 --- [libros] [main] .m.m.a.ExceptionHandlerExceptionResolver : ControllerAdvice beans: 1 @ExceptionHandler, 1 ResponseBodyAdvice
2026-05-18T14:01:29.570-04:00  WARN 33616 --- [libros] [main] .s.a.UserDetailsServiceAutoConfiguration : 

Using generated security password: 8bd9f211-68fb-41b6-b8ae-96a4434958f1

This generated password is for development use only. Your security configuration must be updated before running your application in production.

2026-05-18T14:01:29.823-04:00  INFO 33616 --- [libros] [main] dev.diemigo.libros.LibrosApplication     : Started LibrosApplication in 5.236 seconds (process running for 6.025)
2026-05-18T14:02:47.482-04:00  INFO 20976 --- [libros] [main] dev.diemigo.libros.LibrosApplication     : Starting LibrosApplication using Java 24.0.2 with PID 20976 (C:\Users\diego\OneDrive\Desktop\gestionbibliotecas\libros\target\classes started by diego in C:\Users\diego\OneDrive\Desktop\gestionbibliotecas\libros)
2026-05-18T14:02:47.485-04:00 DEBUG 20976 --- [libros] [main] dev.diemigo.libros.LibrosApplication     : Running with Spring Boot v4.0.6, Spring v7.0.7
2026-05-18T14:02:47.486-04:00  INFO 20976 --- [libros] [main] dev.diemigo.libros.LibrosApplication     : No active profile set, falling back to 1 default profile: "default"
2026-05-18T14:02:50.240-04:00  WARN 20976 --- [libros] [main] o.f.c.internal.database.base.Database    : Using MySQL 8.4 which is newer than the version Flyway has been verified with. The latest verified version of MySQL is 8.1.
2026-05-18T14:02:50.276-04:00  WARN 20976 --- [libros] [main] o.f.core.internal.command.DbValidate     : No migrations found. Are your locations set up correctly?
2026-05-18T14:02:51.148-04:00  WARN 20976 --- [libros] [main] org.hibernate.orm.deprecation            : HHH90000025: MySQLDialect does not need to be specified explicitly using 'hibernate.dialect' (remove the property setting and it will be selected by default)
2026-05-18T14:02:52.228-04:00  WARN 20976 --- [libros] [main] JpaBaseConfiguration$JpaWebConfiguration : spring.jpa.open-in-view is enabled by default. Therefore, database queries may be performed during view rendering. Explicitly configure spring.jpa.open-in-view to disable this warning
2026-05-18T14:02:52.353-04:00 DEBUG 20976 --- [libros] [main] s.w.s.m.m.a.RequestMappingHandlerMapping : 2 mappings in 'requestMappingHandlerMapping'
2026-05-18T14:02:52.382-04:00 DEBUG 20976 --- [libros] [main] o.s.w.s.handler.SimpleUrlHandlerMapping  : Patterns [/webjars/**, /**] in 'resourceHandlerMapping'
2026-05-18T14:02:52.411-04:00 DEBUG 20976 --- [libros] [main] s.w.s.m.m.a.RequestMappingHandlerAdapter : ControllerAdvice beans: 0 @ModelAttribute, 0 @InitBinder, 2 RequestBodyAdvice, 1 ResponseBodyAdvice
2026-05-18T14:02:52.463-04:00 DEBUG 20976 --- [libros] [main] .m.m.a.ExceptionHandlerExceptionResolver : ControllerAdvice beans: 1 @ExceptionHandler, 1 ResponseBodyAdvice
2026-05-18T14:02:52.549-04:00  WARN 20976 --- [libros] [main] .s.a.UserDetailsServiceAutoConfiguration : 

Using generated security password: c9552d07-9d06-426e-a53a-bf2a78292504

This generated password is for development use only. Your security configuration must be updated before running your application in production.

2026-05-18T14:02:52.796-04:00  INFO 20976 --- [libros] [main] dev.diemigo.libros.LibrosApplication     : Started LibrosApplication in 5.818 seconds (process running for 6.61)
2026-05-18T14:10:03.812-04:00  INFO 32220 --- [libros] [main] dev.diemigo.libros.LibrosApplication     : Starting LibrosApplication using Java 24.0.2 with PID 32220 (C:\Users\diego\OneDrive\Desktop\gestionbibliotecas\libros\target\classes started by diego in C:\Users\diego\OneDrive\Desktop\gestionbibliotecas\libros)
2026-05-18T14:10:03.816-04:00 DEBUG 32220 --- [libros] [main] dev.diemigo.libros.LibrosApplication     : Running with Spring Boot v4.0.6, Spring v7.0.7
2026-05-18T14:10:03.817-04:00  INFO 32220 --- [libros] [main] dev.diemigo.libros.LibrosApplication     : No active profile set, falling back to 1 default profile: "default"
2026-05-18T14:10:06.569-04:00  WARN 32220 --- [libros] [main] o.f.c.internal.database.base.Database    : Using MySQL 8.4 which is newer than the version Flyway has been verified with. The latest verified version of MySQL is 8.1.
2026-05-18T14:10:06.602-04:00  WARN 32220 --- [libros] [main] o.f.core.internal.command.DbValidate     : No migrations found. Are your locations set up correctly?
2026-05-18T14:10:07.451-04:00  WARN 32220 --- [libros] [main] org.hibernate.orm.deprecation            : HHH90000025: MySQLDialect does not need to be specified explicitly using 'hibernate.dialect' (remove the property setting and it will be selected by default)
2026-05-18T14:10:08.590-04:00  WARN 32220 --- [libros] [main] JpaBaseConfiguration$JpaWebConfiguration : spring.jpa.open-in-view is enabled by default. Therefore, database queries may be performed during view rendering. Explicitly configure spring.jpa.open-in-view to disable this warning
2026-05-18T14:10:08.730-04:00 DEBUG 32220 --- [libros] [main] s.w.s.m.m.a.RequestMappingHandlerMapping : 2 mappings in 'requestMappingHandlerMapping'
2026-05-18T14:10:08.760-04:00 DEBUG 32220 --- [libros] [main] o.s.w.s.handler.SimpleUrlHandlerMapping  : Patterns [/webjars/**, /**] in 'resourceHandlerMapping'
2026-05-18T14:10:08.789-04:00 DEBUG 32220 --- [libros] [main] s.w.s.m.m.a.RequestMappingHandlerAdapter : ControllerAdvice beans: 0 @ModelAttribute, 0 @InitBinder, 2 RequestBodyAdvice, 1 ResponseBodyAdvice
2026-05-18T14:10:08.838-04:00 DEBUG 32220 --- [libros] [main] .m.m.a.ExceptionHandlerExceptionResolver : ControllerAdvice beans: 1 @ExceptionHandler, 1 ResponseBodyAdvice
2026-05-18T14:10:08.930-04:00  WARN 32220 --- [libros] [main] .s.a.UserDetailsServiceAutoConfiguration : 

Using generated security password: f4d7a49b-b61a-4dae-b01f-1cdad739bd36

This generated password is for development use only. Your security configuration must be updated before running your application in production.

2026-05-18T14:10:09.170-04:00  INFO 32220 --- [libros] [main] dev.diemigo.libros.LibrosApplication     : Started LibrosApplication in 5.87 seconds (process running for 6.637)
2026-05-18T14:16:39.603-04:00  INFO 31360 --- [libros] [main] dev.diemigo.libros.LibrosApplication     : Starting LibrosApplication using Java 24.0.2 with PID 31360 (C:\Users\diego\OneDrive\Desktop\gestionbibliotecas\libros\target\classes started by diego in C:\Users\diego\OneDrive\Desktop\gestionbibliotecas\libros)
2026-05-18T14:16:39.606-04:00 DEBUG 31360 --- [libros] [main] dev.diemigo.libros.LibrosApplication     : Running with Spring Boot v4.0.6, Spring v7.0.7
2026-05-18T14:16:39.607-04:00  INFO 31360 --- [libros] [main] dev.diemigo.libros.LibrosApplication     : No active profile set, falling back to 1 default profile: "default"
2026-05-18T14:16:42.366-04:00  WARN 31360 --- [libros] [main] o.f.c.internal.database.base.Database    : Using MySQL 8.4 which is newer than the version Flyway has been verified with. The latest verified version of MySQL is 8.1.
2026-05-18T14:16:43.352-04:00  WARN 31360 --- [libros] [main] org.hibernate.orm.deprecation            : HHH90000025: MySQLDialect does not need to be specified explicitly using 'hibernate.dialect' (remove the property setting and it will be selected by default)
2026-05-18T14:16:44.605-04:00  WARN 31360 --- [libros] [main] JpaBaseConfiguration$JpaWebConfiguration : spring.jpa.open-in-view is enabled by default. Therefore, database queries may be performed during view rendering. Explicitly configure spring.jpa.open-in-view to disable this warning
2026-05-18T14:16:44.738-04:00 DEBUG 31360 --- [libros] [main] s.w.s.m.m.a.RequestMappingHandlerMapping : 2 mappings in 'requestMappingHandlerMapping'
2026-05-18T14:16:44.767-04:00 DEBUG 31360 --- [libros] [main] o.s.w.s.handler.SimpleUrlHandlerMapping  : Patterns [/webjars/**, /**] in 'resourceHandlerMapping'
2026-05-18T14:16:44.796-04:00 DEBUG 31360 --- [libros] [main] s.w.s.m.m.a.RequestMappingHandlerAdapter : ControllerAdvice beans: 0 @ModelAttribute, 0 @InitBinder, 2 RequestBodyAdvice, 1 ResponseBodyAdvice
2026-05-18T14:16:44.846-04:00 DEBUG 31360 --- [libros] [main] .m.m.a.ExceptionHandlerExceptionResolver : ControllerAdvice beans: 1 @ExceptionHandler, 1 ResponseBodyAdvice
2026-05-18T14:16:44.929-04:00  WARN 31360 --- [libros] [main] .s.a.UserDetailsServiceAutoConfiguration : 

Using generated security password: 2ef221db-e14c-4069-a738-efbdaddc29bc

This generated password is for development use only. Your security configuration must be updated before running your application in production.

2026-05-18T14:16:45.178-04:00  INFO 31360 --- [libros] [main] dev.diemigo.libros.LibrosApplication     : Started LibrosApplication in 6.078 seconds (process running for 6.862)
2026-05-18T14:17:37.900-04:00  INFO 16560 --- [libros] [main] dev.diemigo.libros.LibrosApplication     : Starting LibrosApplication using Java 24.0.2 with PID 16560 (C:\Users\diego\OneDrive\Desktop\gestionbibliotecas\libros\target\classes started by diego in C:\Users\diego\OneDrive\Desktop\gestionbibliotecas\libros)
2026-05-18T14:17:37.903-04:00 DEBUG 16560 --- [libros] [main] dev.diemigo.libros.LibrosApplication     : Running with Spring Boot v4.0.6, Spring v7.0.7
2026-05-18T14:17:37.904-04:00  INFO 16560 --- [libros] [main] dev.diemigo.libros.LibrosApplication     : No active profile set, falling back to 1 default profile: "default"
2026-05-18T14:17:40.696-04:00  WARN 16560 --- [libros] [main] o.f.c.internal.database.base.Database    : Using MySQL 8.4 which is newer than the version Flyway has been verified with. The latest verified version of MySQL is 8.1.
2026-05-18T14:17:41.701-04:00  WARN 16560 --- [libros] [main] org.hibernate.orm.deprecation            : HHH90000025: MySQLDialect does not need to be specified explicitly using 'hibernate.dialect' (remove the property setting and it will be selected by default)
2026-05-18T14:17:42.773-04:00  WARN 16560 --- [libros] [main] JpaBaseConfiguration$JpaWebConfiguration : spring.jpa.open-in-view is enabled by default. Therefore, database queries may be performed during view rendering. Explicitly configure spring.jpa.open-in-view to disable this warning
2026-05-18T14:17:42.907-04:00 DEBUG 16560 --- [libros] [main] s.w.s.m.m.a.RequestMappingHandlerMapping : 2 mappings in 'requestMappingHandlerMapping'
2026-05-18T14:17:42.934-04:00 DEBUG 16560 --- [libros] [main] o.s.w.s.handler.SimpleUrlHandlerMapping  : Patterns [/webjars/**, /**] in 'resourceHandlerMapping'
2026-05-18T14:17:42.965-04:00 DEBUG 16560 --- [libros] [main] s.w.s.m.m.a.RequestMappingHandlerAdapter : ControllerAdvice beans: 0 @ModelAttribute, 0 @InitBinder, 2 RequestBodyAdvice, 1 ResponseBodyAdvice
2026-05-18T14:17:43.013-04:00 DEBUG 16560 --- [libros] [main] .m.m.a.ExceptionHandlerExceptionResolver : ControllerAdvice beans: 1 @ExceptionHandler, 1 ResponseBodyAdvice
2026-05-18T14:17:43.098-04:00  WARN 16560 --- [libros] [main] .s.a.UserDetailsServiceAutoConfiguration : 

Using generated security password: a4dfa3ed-bc6c-40c2-ac01-bc1310b24734

This generated password is for development use only. Your security configuration must be updated before running your application in production.

2026-05-18T14:17:43.347-04:00  INFO 16560 --- [libros] [main] dev.diemigo.libros.LibrosApplication     : Started LibrosApplication in 5.956 seconds (process running for 6.744)
2026-05-18T14:43:46.501-04:00  INFO 3136 --- [libros] [main] dev.diemigo.libros.LibrosApplication     : Starting LibrosApplication using Java 24.0.2 with PID 3136 (C:\Users\diego\OneDrive\Desktop\gestionbibliotecas\libros\target\classes started by diego in C:\Users\diego\OneDrive\Desktop\gestionbibliotecas\libros)
2026-05-18T14:43:46.504-04:00 DEBUG 3136 --- [libros] [main] dev.diemigo.libros.LibrosApplication     : Running with Spring Boot v4.0.6, Spring v7.0.7
2026-05-18T14:43:46.504-04:00  INFO 3136 --- [libros] [main] dev.diemigo.libros.LibrosApplication     : No active profile set, falling back to 1 default profile: "default"
2026-05-18T14:43:48.907-04:00  WARN 3136 --- [libros] [main] o.f.c.internal.database.base.Database    : Using MySQL 8.4 which is newer than the version Flyway has been verified with. The latest verified version of MySQL is 8.1.
2026-05-18T14:43:49.898-04:00  WARN 3136 --- [libros] [main] org.hibernate.orm.deprecation            : HHH90000025: MySQLDialect does not need to be specified explicitly using 'hibernate.dialect' (remove the property setting and it will be selected by default)
2026-05-18T14:43:51.176-04:00  WARN 3136 --- [libros] [main] JpaBaseConfiguration$JpaWebConfiguration : spring.jpa.open-in-view is enabled by default. Therefore, database queries may be performed during view rendering. Explicitly configure spring.jpa.open-in-view to disable this warning
2026-05-18T14:43:51.305-04:00 DEBUG 3136 --- [libros] [main] s.w.s.m.m.a.RequestMappingHandlerMapping : 2 mappings in 'requestMappingHandlerMapping'
2026-05-18T14:43:51.334-04:00 DEBUG 3136 --- [libros] [main] o.s.w.s.handler.SimpleUrlHandlerMapping  : Patterns [/webjars/**, /**] in 'resourceHandlerMapping'
2026-05-18T14:43:51.358-04:00 DEBUG 3136 --- [libros] [main] s.w.s.m.m.a.RequestMappingHandlerAdapter : ControllerAdvice beans: 0 @ModelAttribute, 0 @InitBinder, 2 RequestBodyAdvice, 1 ResponseBodyAdvice
2026-05-18T14:43:51.408-04:00 DEBUG 3136 --- [libros] [main] .m.m.a.ExceptionHandlerExceptionResolver : ControllerAdvice beans: 1 @ExceptionHandler, 1 ResponseBodyAdvice
2026-05-18T14:43:51.534-04:00  INFO 3136 --- [libros] [main] dev.diemigo.libros.LibrosApplication     : Started LibrosApplication in 5.555 seconds (process running for 6.344)
